<?xml version="1.0" encoding="UTF-8"?>
<!-- Generated by org.testng.reporters.JUnitReportReporter -->
<testsuite hostname="VijayKanth" failures="1" tests="1" name="example.NewTest" time="0.003" errors="0" timestamp="4 Sep 2022 12:28:11 GMT">
  <testcase classname="example.NewTest" name="testEasy" time="0.003">
    <failure message="Failed to connect to binary FirefoxBinary(C:\Program Files\Mozilla Firefox\firefox.exe) on port 7055; process output follows: 
dules/TelemetryArchive.jsm:101:5
promiseArchivePing@resource://gre/modules/TelemetryArchive.jsm:61:33
_submitPingLogic@resource://gre/modules/TelemetryControllerParent.jsm:540:48
send@resource://gre/modules/TelemetryControllerParent.jsm:628:24
submitExternalPing@resource://gre/modules/TelemetryControllerParent.jsm:182:17
saveShutdownPings@resource://gre/modules/TelemetrySession.jsm:1011:36
shutdownChromeProcess/cleanup/&lt;@resource://gre/modules/TelemetrySession.jsm:1229:20
cleanup@resource://gre/modules/TelemetrySession.jsm:1236:9
shutdownChromeProcess@resource://gre/modules/TelemetrySession.jsm:1253:14
shutdown@resource://gre/modules/TelemetrySession.jsm:251:17
_cleanupOnShutdown@resource://gre/modules/TelemetryControllerParent.jsm:973:35
observe@resource://gre/modules/AsyncShutdown.jsm:576:16

WARNING: A blocker encountered an error while we were waiting.
          Blocker:  TelemetryController: shutting down
          Phase: profile-before-change-telemetry
          State: Error getting state: Error: Phase &quot;profile-before-change&quot; is finished, it is too late to register completion condition &quot;OS.File: flush I/O queued before profileBeforeChange&quot; at addBlocker@resource://gre/modules/AsyncShutdown.jsm:719:15
addBlocker@resource://gre/modules/AsyncShutdown.jsm:527:26
addBlocker@resource://gre/modules/AsyncShutdown.jsm:466:15
setupShutdown@resource://gre/modules/osfile/osfile_async_front.jsm:1565:28
@resource://gre/modules/osfile/osfile_async_front.jsm:1585:16
@resource://gre/modules/osfile.jsm:12:30
@resource://gre/modules/TelemetryStorage.jsm:17:28
getShutdownState@resource://gre/modules/TelemetrySend.jsm:1681:7
getShutdownState@resource://gre/modules/TelemetrySend.jsm:367:30
_getState@resource://gre/modules/TelemetryControllerParent.jsm:1077:38
setupTelemetry/&lt;@resource://gre/modules/TelemetryControllerParent.jsm:917:18
safeGetState@resource://gre/modules/AsyncShutdown.jsm:258:17
Barrier/addBlocker/promise&lt;@resource://gre/modules/AsyncShutdown.jsm:767:20
observe@resource://gre/modules/AsyncShutdown.jsm:576:16

WARNING: Error: Phase &quot;profile-before-change&quot; is finished, it is too late to register completion condition &quot;OS.File: flush I/O queued before profileBeforeChange&quot;
WARNING: addBlocker@resource://gre/modules/AsyncShutdown.jsm:719:15
addBlocker@resource://gre/modules/AsyncShutdown.jsm:527:26
addBlocker@resource://gre/modules/AsyncShutdown.jsm:466:15
setupShutdown@resource://gre/modules/osfile/osfile_async_front.jsm:1565:28
@resource://gre/modules/osfile/osfile_async_front.jsm:1585:16
@resource://gre/modules/osfile.jsm:12:30
@resource://gre/modules/TelemetryStorage.jsm:17:28
removeAbortedSessionPing@resource://gre/modules/TelemetryControllerParent.jsm:721:5
removeAbortedSessionPing@resource://gre/modules/TelemetryControllerParent.jsm:249:17
shutdownChromeProcess/cleanup/&lt;@resource://gre/modules/TelemetrySession.jsm:1232:42
observe@resource://gre/modules/AsyncShutdown.jsm:576:16

JavaScript error: resource://gre/modules/AsyncShutdown.jsm, line 719: Error: Phase &quot;profile-before-change&quot; is finished, it is too late to register completion condition &quot;OS.File: flush I/O queued before profileBeforeChange&quot;
JavaScript error: resource://gre/modules/AsyncShutdown.jsm, line 719: Error: Phase &quot;profile-before-change&quot; is finished, it is too late to register completion condition &quot;OS.File: flush I/O queued before profileBeforeChange&quot;
JavaScript error: resource://gre/modules/AsyncShutdown.jsm, line 719: Error: Phase &quot;profile-before-change&quot; is finished, it is too late to register completion condition &quot;OS.File: flush I/O queued before profileBeforeChange&quot;
JavaScript error: resource://gre/modules/AsyncShutdown.jsm, line 719: Error: Phase &quot;profile-before-change&quot; is finished, it is too late to register completion condition &quot;OS.File: flush I/O queued before profileBeforeChange&quot;
JavaScript error: resource://gre/modules/AsyncShutdown.jsm, line 719: Error: Phase &quot;profile-before-change&quot; is finished, it is too late to register completion condition &quot;OS.File: flush I/O queued before profileBeforeChange&quot;

Build info: version: &#039;2.45.0&#039;, revision: &#039;5017cb8e7ca8e37638dc3091b2440b90a1d8686f&#039;, time: &#039;2015-02-27 09:10:26&#039;
System info: host: &#039;VijayKanth&#039;, ip: &#039;192.168.0.57&#039;, os.name: &#039;Windows 11&#039;, os.arch: &#039;amd64&#039;, os.version: &#039;10.0&#039;, java.version: &#039;18.0.2.1&#039;
Driver info: driver.version: FirefoxDriver" type="org.openqa.selenium.WebDriverException">
      <![CDATA[org.openqa.selenium.WebDriverException: Failed to connect to binary FirefoxBinary(C:\Program Files\Mozilla Firefox\firefox.exe) on port 7055; process output follows: 
dules/TelemetryArchive.jsm:101:5
promiseArchivePing@resource://gre/modules/TelemetryArchive.jsm:61:33
_submitPingLogic@resource://gre/modules/TelemetryControllerParent.jsm:540:48
send@resource://gre/modules/TelemetryControllerParent.jsm:628:24
submitExternalPing@resource://gre/modules/TelemetryControllerParent.jsm:182:17
saveShutdownPings@resource://gre/modules/TelemetrySession.jsm:1011:36
shutdownChromeProcess/cleanup/<@resource://gre/modules/TelemetrySession.jsm:1229:20
cleanup@resource://gre/modules/TelemetrySession.jsm:1236:9
shutdownChromeProcess@resource://gre/modules/TelemetrySession.jsm:1253:14
shutdown@resource://gre/modules/TelemetrySession.jsm:251:17
_cleanupOnShutdown@resource://gre/modules/TelemetryControllerParent.jsm:973:35
observe@resource://gre/modules/AsyncShutdown.jsm:576:16

WARNING: A blocker encountered an error while we were waiting.
          Blocker:  TelemetryController: shutting down
          Phase: profile-before-change-telemetry
          State: Error getting state: Error: Phase "profile-before-change" is finished, it is too late to register completion condition "OS.File: flush I/O queued before profileBeforeChange" at addBlocker@resource://gre/modules/AsyncShutdown.jsm:719:15
addBlocker@resource://gre/modules/AsyncShutdown.jsm:527:26
addBlocker@resource://gre/modules/AsyncShutdown.jsm:466:15
setupShutdown@resource://gre/modules/osfile/osfile_async_front.jsm:1565:28
@resource://gre/modules/osfile/osfile_async_front.jsm:1585:16
@resource://gre/modules/osfile.jsm:12:30
@resource://gre/modules/TelemetryStorage.jsm:17:28
getShutdownState@resource://gre/modules/TelemetrySend.jsm:1681:7
getShutdownState@resource://gre/modules/TelemetrySend.jsm:367:30
_getState@resource://gre/modules/TelemetryControllerParent.jsm:1077:38
setupTelemetry/<@resource://gre/modules/TelemetryControllerParent.jsm:917:18
safeGetState@resource://gre/modules/AsyncShutdown.jsm:258:17
Barrier/addBlocker/promise<@resource://gre/modules/AsyncShutdown.jsm:767:20
observe@resource://gre/modules/AsyncShutdown.jsm:576:16

WARNING: Error: Phase "profile-before-change" is finished, it is too late to register completion condition "OS.File: flush I/O queued before profileBeforeChange"
WARNING: addBlocker@resource://gre/modules/AsyncShutdown.jsm:719:15
addBlocker@resource://gre/modules/AsyncShutdown.jsm:527:26
addBlocker@resource://gre/modules/AsyncShutdown.jsm:466:15
setupShutdown@resource://gre/modules/osfile/osfile_async_front.jsm:1565:28
@resource://gre/modules/osfile/osfile_async_front.jsm:1585:16
@resource://gre/modules/osfile.jsm:12:30
@resource://gre/modules/TelemetryStorage.jsm:17:28
removeAbortedSessionPing@resource://gre/modules/TelemetryControllerParent.jsm:721:5
removeAbortedSessionPing@resource://gre/modules/TelemetryControllerParent.jsm:249:17
shutdownChromeProcess/cleanup/<@resource://gre/modules/TelemetrySession.jsm:1232:42
observe@resource://gre/modules/AsyncShutdown.jsm:576:16

JavaScript error: resource://gre/modules/AsyncShutdown.jsm, line 719: Error: Phase "profile-before-change" is finished, it is too late to register completion condition "OS.File: flush I/O queued before profileBeforeChange"
JavaScript error: resource://gre/modules/AsyncShutdown.jsm, line 719: Error: Phase "profile-before-change" is finished, it is too late to register completion condition "OS.File: flush I/O queued before profileBeforeChange"
JavaScript error: resource://gre/modules/AsyncShutdown.jsm, line 719: Error: Phase "profile-before-change" is finished, it is too late to register completion condition "OS.File: flush I/O queued before profileBeforeChange"
JavaScript error: resource://gre/modules/AsyncShutdown.jsm, line 719: Error: Phase "profile-before-change" is finished, it is too late to register completion condition "OS.File: flush I/O queued before profileBeforeChange"
JavaScript error: resource://gre/modules/AsyncShutdown.jsm, line 719: Error: Phase "profile-before-change" is finished, it is too late to register completion condition "OS.File: flush I/O queued before profileBeforeChange"

Build info: version: '2.45.0', revision: '5017cb8e7ca8e37638dc3091b2440b90a1d8686f', time: '2015-02-27 09:10:26'
System info: host: 'VijayKanth', ip: '192.168.0.57', os.name: 'Windows 11', os.arch: 'amd64', os.version: '10.0', java.version: '18.0.2.1'
Driver info: driver.version: FirefoxDriver
	at org.openqa.selenium.firefox.internal.NewProfileExtensionConnection.start(NewProfileExtensionConnection.java:130)
	at org.openqa.selenium.firefox.FirefoxDriver.startClient(FirefoxDriver.java:246)
	at org.openqa.selenium.remote.RemoteWebDriver.<init>(RemoteWebDriver.java:114)
	at org.openqa.selenium.firefox.FirefoxDriver.<init>(FirefoxDriver.java:191)
	at org.openqa.selenium.firefox.FirefoxDriver.<init>(FirefoxDriver.java:186)
	at org.openqa.selenium.firefox.FirefoxDriver.<init>(FirefoxDriver.java:182)
	at org.openqa.selenium.firefox.FirefoxDriver.<init>(FirefoxDriver.java:95)
	at example.NewTest.beforeTest(NewTest.java:22)
	at java.base/jdk.internal.reflect.DirectMethodHandleAccessor.invoke(DirectMethodHandleAccessor.java:104)
	at java.base/java.lang.reflect.Method.invoke(Method.java:577)
	at org.testng.internal.MethodInvocationHelper.invokeMethod(MethodInvocationHelper.java:84)
	at org.testng.internal.Invoker.invokeConfigurationMethod(Invoker.java:564)
	at org.testng.internal.Invoker.invokeConfigurations(Invoker.java:213)
	at org.testng.internal.Invoker.invokeConfigurations(Invoker.java:138)
	at org.testng.TestRunner.beforeRun(TestRunner.java:641)
	at org.testng.TestRunner.run(TestRunner.java:609)
	at org.testng.SuiteRunner.runTest(SuiteRunner.java:348)
	at org.testng.SuiteRunner.runSequentially(SuiteRunner.java:343)
	at org.testng.SuiteRunner.privateRun(SuiteRunner.java:305)
	at org.testng.SuiteRunner.run(SuiteRunner.java:254)
	at org.testng.SuiteRunnerWorker.runSuite(SuiteRunnerWorker.java:52)
	at org.testng.SuiteRunnerWorker.run(SuiteRunnerWorker.java:86)
	at org.testng.TestNG.runSuitesSequentially(TestNG.java:1224)
	at org.testng.TestNG.runSuitesLocally(TestNG.java:1149)
	at org.testng.TestNG.run(TestNG.java:1057)
	at org.apache.maven.surefire.testng.TestNGExecutor.run(TestNGExecutor.java:177)
	at org.apache.maven.surefire.testng.TestNGXmlTestSuite.execute(TestNGXmlTestSuite.java:92)
	at org.apache.maven.surefire.testng.TestNGProvider.invoke(TestNGProvider.java:105)
	at java.base/jdk.internal.reflect.DirectMethodHandleAccessor.invoke(DirectMethodHandleAccessor.java:104)
	at java.base/java.lang.reflect.Method.invoke(Method.java:577)
	at org.apache.maven.surefire.util.ReflectionUtils.invokeMethodWithArray(ReflectionUtils.java:189)
	at org.apache.maven.surefire.booter.ProviderFactory$ProviderProxy.invoke(ProviderFactory.java:165)
	at org.apache.maven.surefire.booter.ProviderFactory.invokeProvider(ProviderFactory.java:85)
	at org.apache.maven.surefire.booter.ForkedBooter.runSuitesInProcess(ForkedBooter.java:103)
	at org.apache.maven.surefire.booter.ForkedBooter.main(ForkedBooter.java:74)
Caused by: org.openqa.selenium.firefox.NotConnectedException: Unable to connect to host 127.0.0.1 on port 7055 after 45000 ms. Firefox console output:
dules/TelemetryArchive.jsm:101:5
promiseArchivePing@resource://gre/modules/TelemetryArchive.jsm:61:33
_submitPingLogic@resource://gre/modules/TelemetryControllerParent.jsm:540:48
send@resource://gre/modules/TelemetryControllerParent.jsm:628:24
submitExternalPing@resource://gre/modules/TelemetryControllerParent.jsm:182:17
saveShutdownPings@resource://gre/modules/TelemetrySession.jsm:1011:36
shutdownChromeProcess/cleanup/<@resource://gre/modules/TelemetrySession.jsm:1229:20
cleanup@resource://gre/modules/TelemetrySession.jsm:1236:9
shutdownChromeProcess@resource://gre/modules/TelemetrySession.jsm:1253:14
shutdown@resource://gre/modules/TelemetrySession.jsm:251:17
_cleanupOnShutdown@resource://gre/modules/TelemetryControllerParent.jsm:973:35
observe@resource://gre/modules/AsyncShutdown.jsm:576:16

WARNING: A blocker encountered an error while we were waiting.
          Blocker:  TelemetryController: shutting down
          Phase: profile-before-change-telemetry
          State: Error getting state: Error: Phase "profile-before-change" is finished, it is too late to register completion condition "OS.File: flush I/O queued before profileBeforeChange" at addBlocker@resource://gre/modules/AsyncShutdown.jsm:719:15
addBlocker@resource://gre/modules/AsyncShutdown.jsm:527:26
addBlocker@resource://gre/modules/AsyncShutdown.jsm:466:15
setupShutdown@resource://gre/modules/osfile/osfile_async_front.jsm:1565:28
@resource://gre/modules/osfile/osfile_async_front.jsm:1585:16
@resource://gre/modules/osfile.jsm:12:30
@resource://gre/modules/TelemetryStorage.jsm:17:28
getShutdownState@resource://gre/modules/TelemetrySend.jsm:1681:7
getShutdownState@resource://gre/modules/TelemetrySend.jsm:367:30
_getState@resource://gre/modules/TelemetryControllerParent.jsm:1077:38
setupTelemetry/<@resource://gre/modules/TelemetryControllerParent.jsm:917:18
safeGetState@resource://gre/modules/AsyncShutdown.jsm:258:17
Barrier/addBlocker/promise<@resource://gre/modules/AsyncShutdown.jsm:767:20
observe@resource://gre/modules/AsyncShutdown.jsm:576:16

WARNING: Error: Phase "profile-before-change" is finished, it is too late to register completion condition "OS.File: flush I/O queued before profileBeforeChange"
WARNING: addBlocker@resource://gre/modules/AsyncShutdown.jsm:719:15
addBlocker@resource://gre/modules/AsyncShutdown.jsm:527:26
addBlocker@resource://gre/modules/AsyncShutdown.jsm:466:15
setupShutdown@resource://gre/modules/osfile/osfile_async_front.jsm:1565:28
@resource://gre/modules/osfile/osfile_async_front.jsm:1585:16
@resource://gre/modules/osfile.jsm:12:30
@resource://gre/modules/TelemetryStorage.jsm:17:28
removeAbortedSessionPing@resource://gre/modules/TelemetryControllerParent.jsm:721:5
removeAbortedSessionPing@resource://gre/modules/TelemetryControllerParent.jsm:249:17
shutdownChromeProcess/cleanup/<@resource://gre/modules/TelemetrySession.jsm:1232:42
observe@resource://gre/modules/AsyncShutdown.jsm:576:16

JavaScript error: resource://gre/modules/AsyncShutdown.jsm, line 719: Error: Phase "profile-before-change" is finished, it is too late to register completion condition "OS.File: flush I/O queued before profileBeforeChange"
JavaScript error: resource://gre/modules/AsyncShutdown.jsm, line 719: Error: Phase "profile-before-change" is finished, it is too late to register completion condition "OS.File: flush I/O queued before profileBeforeChange"
JavaScript error: resource://gre/modules/AsyncShutdown.jsm, line 719: Error: Phase "profile-before-change" is finished, it is too late to register completion condition "OS.File: flush I/O queued before profileBeforeChange"
JavaScript error: resource://gre/modules/AsyncShutdown.jsm, line 719: Error: Phase "profile-before-change" is finished, it is too late to register completion condition "OS.File: flush I/O queued before profileBeforeChange"
JavaScript error: resource://gre/modules/AsyncShutdown.jsm, line 719: Error: Phase "profile-before-change" is finished, it is too late to register completion condition "OS.File: flush I/O queued before profileBeforeChange"

	at org.openqa.selenium.firefox.internal.NewProfileExtensionConnection.start(NewProfileExtensionConnection.java:118)
	... 34 more
]]>
    </failure>
  </testcase> <!-- testEasy -->
</testsuite> <!-- example.NewTest -->
